<?xml version="1.0" encoding="UTF-8"?>
<!-- Generated by org.testng.reporters.JUnitReportReporter -->
<testsuite hostname="Piyush-PC" name="testCases.Admin_SettingsPageTest" tests="1" failures="0" timestamp="29 May 2020 17:20:48 GMT" time="29.876" errors="0">
  <testcase name="createNewMediaGroups" time="29.876" classname="testCases.Admin_SettingsPageTest"/>
</testsuite> <!-- testCases.Admin_SettingsPageTest -->
