<?xml version="1.0" encoding="UTF-8"?>
<!-- Generated by org.testng.reporters.JUnitReportReporter -->
<testsuite hostname="Piyush-PC" name="testCases.Admin_ReportsPageTest" tests="1" failures="0" timestamp="30 May 2020 13:23:21 GMT" time="194.980" errors="0">
  <testcase name="selectDate" time="194.980" classname="testCases.Admin_ReportsPageTest"/>
</testsuite> <!-- testCases.Admin_ReportsPageTest -->
