<?xml version="1.0" encoding="UTF-8"?>
<!-- Generated by org.testng.reporters.JUnitReportReporter -->
<testsuite hostname="Piyush-PC" name="testCases.Admin_ReportsPageTest" tests="1" failures="0" timestamp="11 Jun 2020 10:35:50 GMT" time="195.157" errors="0">
  <testcase name="selectDate" time="195.157" classname="testCases.Admin_ReportsPageTest"/>
</testsuite> <!-- testCases.Admin_ReportsPageTest -->
