<?xml version="1.0" encoding="UTF-8"?>
<!-- Generated by org.testng.reporters.JUnitReportReporter -->
<testsuite hostname="Piyush-PC" name="testCases.LoginPageTest" tests="3" failures="0" timestamp="11 Jun 2020 10:53:27 GMT" time="94.619" errors="0">
  <testcase name="validateUserLoginElementsAreDisplayed" time="17.241" classname="testCases.LoginPageTest"/>
  <testcase name="validateBrokenLinks" time="56.078" classname="testCases.LoginPageTest"/>
  <testcase name="validateUserLogin" time="21.300" classname="testCases.LoginPageTest"/>
</testsuite> <!-- testCases.LoginPageTest -->
