<?xml version="1.0" encoding="UTF-8"?>
<!-- Generated by org.testng.reporters.JUnitReportReporter -->
<testsuite hostname="Piyush-PC" name="testCases.Admin_UserPageTest" tests="1" failures="0" timestamp="1 Jun 2020 17:10:18 GMT" time="225.788" errors="0">
  <testcase name="verifyIfUserExistsInTheSystem" time="225.788" classname="testCases.Admin_UserPageTest"/>
</testsuite> <!-- testCases.Admin_UserPageTest -->
