<?xml version="1.0" encoding="UTF-8"?>
<!-- Generated by org.testng.reporters.JUnitReportReporter -->
<testsuite hostname="Piyush-PC" name="testCases.LoginPageTest" tests="2" failures="0" timestamp="29 May 2020 17:20:49 GMT" time="31.136" errors="0">
  <testcase name="validateUserLoginElementsAreDisplayed" time="13.130" classname="testCases.LoginPageTest"/>
  <testcase name="validateUserLogin" time="18.006" classname="testCases.LoginPageTest"/>
</testsuite> <!-- testCases.LoginPageTest -->
