<?xml version="1.0" encoding="UTF-8"?>
<!-- Generated by org.testng.reporters.JUnitReportReporter -->
<testsuite hostname="Piyush-PC" name="testCases.Admin_UserPageTest" tests="2" failures="0" timestamp="11 Jun 2020 10:35:50 GMT" time="72.846" errors="0">
  <testcase name="verifyIfUserExistsInTheSystem" time="28.781" classname="testCases.Admin_UserPageTest"/>
  <testcase name="createNewUsers" time="44.065" classname="testCases.Admin_UserPageTest"/>
</testsuite> <!-- testCases.Admin_UserPageTest -->
