<?xml version="1.0" encoding="UTF-8"?>
<!-- Generated by org.testng.reporters.JUnitReportReporter -->
<testsuite skipped="0" hostname="Piyush-PC" name="testCases.LoginPageTest" tests="3" failures="0" timestamp="25 Jun 2020 17:22:45 GMT" time="72.905" errors="0">
  <testcase name="validateUserLoginElementsAreDisplayed" time="12.295" classname="testCases.LoginPageTest"/>
  <testcase name="validateBrokenLinks" time="40.663" classname="testCases.LoginPageTest"/>
  <testcase name="validateUserLogin" time="19.947" classname="testCases.LoginPageTest"/>
</testsuite> <!-- testCases.LoginPageTest -->
